\BOOKMARK [0][-]{chapter*.1}{\376\377\000R\000e\000m\000e\000r\000c\000i\000e\000m\000e\000n\000t\000s}{}% 1
\BOOKMARK [0][-]{chapter*.2}{\376\377\000R\000\351\000s\000u\000m\000\351}{}% 2
\BOOKMARK [0][-]{toc.0}{\376\377\000T\000a\000b\000l\000e\000\040\000d\000e\000s\000\040\000m\000a\000t\000i\000\350\000r\000e\000s}{}% 3
\BOOKMARK [0][-]{chapter.1}{\376\377\000I\000n\000t\000r\000o\000d\000u\000c\000t\000i\000o\000n}{}% 4
\BOOKMARK [1][-]{section.1.1}{\376\377\000U\000n\000\040\000p\000r\000o\000j\000e\000t\000\040\000p\000o\000u\000r\000\040\000p\000i\000s\000t\000e\000r\000\040\000n\000u\000m\000\351\000r\000i\000q\000u\000e\000m\000e\000n\000t\000\040\000l\000a\000\040\000c\000i\000r\000c\000u\000l\000a\000t\000i\000o\000n\000\040\000d\000e\000s\000\040\000s\000a\000v\000o\000i\000r\000s}{chapter.1}% 5
\BOOKMARK [1][-]{section.1.2}{\376\377\000L\000a\000\040\000c\000o\000m\000p\000l\000e\000x\000i\000t\000\351\000\040\000d\000u\000\040\000t\000e\000r\000m\000e\000\040\000\253\000\040\000c\000i\000r\000c\000u\000l\000a\000t\000i\000o\000n\000\040\000d\000e\000s\000\040\000s\000a\000v\000o\000i\000r\000s\000\040\000\273}{chapter.1}% 6
\BOOKMARK [1][-]{section.1.3}{\376\377\000J\000e\000a\000n\000-\000M\000a\000r\000t\000i\000n\000\040\000C\000h\000a\000r\000c\000o\000t\000\040\000:\000\040\000u\000n\000\040\000m\000\351\000d\000e\000c\000i\000n\000\040\000\340\000\040\000l\000'\000a\000u\000b\000e\000\040\000d\000e\000\040\000l\000a\000\040\000n\000e\000u\000r\000o\000l\000o\000g\000i\000e\000\040\000m\000o\000d\000e\000r\000n\000e}{chapter.1}% 7
\BOOKMARK [1][-]{section.1.4}{\376\377\000C\000o\000m\000m\000e\000n\000t\000\040\000l\000e\000s\000\040\000m\000o\000t\000s\000\040\000d\000e\000v\000i\000e\000n\000n\000e\000n\000t\000-\000i\000l\000s\000\040\000d\000e\000s\000\040\000c\000o\000n\000c\000e\000p\000t\000s\000\040\000?}{chapter.1}% 8
\BOOKMARK [1][-]{section.1.5}{\376\377\000P\000r\000o\000b\000l\000\351\000m\000a\000t\000i\000q\000u\000e\000\040\000e\000t\000\040\000p\000l\000a\000n\000\040\000d\000e\000\040\000l\000a\000\040\000t\000h\000\350\000s\000e}{chapter.1}% 9
\BOOKMARK [0][-]{chapter.2}{\376\377\000D\000u\000\040\000f\000o\000n\000d\000s\000\040\000C\000h\000a\000r\000c\000o\000t\000\040\000\340\000\040\000u\000n\000\040\000c\000o\000r\000p\000u\000s\000\040\000i\000n\000t\000e\000r\000r\000o\000g\000e\000a\000b\000l\000e\000\040\000:\000\040\000e\000n\000j\000e\000u\000x\000\040\000e\000t\000\040\000m\000\351\000t\000h\000o\000d\000e\000s}{}% 10
\BOOKMARK [1][-]{section.2.1}{\376\377\000D\000e\000s\000c\000r\000i\000p\000t\000i\000o\000n\000\040\000d\000u\000\040\000c\000o\000r\000p\000u\000s\000\040\000C\000h\000a\000r\000c\000o\000t}{chapter.2}% 11
\BOOKMARK [1][-]{section.2.2}{\376\377\000C\000o\000n\000s\000t\000i\000t\000u\000t\000i\000o\000n\000\040\000d\000u\000\040\000c\000o\000r\000p\000u\000s\000\040\000C\000h\000a\000r\000c\000o\000t}{chapter.2}% 12
\BOOKMARK [1][-]{section.2.3}{\376\377\000H\000i\000s\000t\000o\000r\000i\000q\000u\000e\000\040\000d\000e\000\040\000l\000'\000A\000T\000R}{chapter.2}% 13
\BOOKMARK [-1][-]{part.1}{\376\377\000I\000\040\000L\000a\000\040\000c\000i\000r\000c\000u\000l\000a\000t\000i\000o\000n\000\040\000d\000e\000s\000\040\000s\000a\000v\000o\000i\000r\000s\000\040\000c\000o\000m\000m\000e\000\040\000v\000e\000c\000t\000e\000u\000r\000\040\000d\000e\000\040\000v\000a\000l\000o\000r\000i\000s\000a\000t\000i\000o\000n\000\040\000d\000e\000s\000\040\000a\000r\000c\000h\000i\000v\000e\000s\000\040\000:\000\040\000\351\000t\000a\000t\000\040\000d\000e\000\040\000l\000'\000a\000r\000t}{}% 14
\BOOKMARK [0][-]{chapter.3}{\376\377\000L\040\031\000\351\000v\000o\000l\000u\000t\000i\000o\000n\000\040\000d\000e\000s\000\040\000a\000p\000p\000r\000o\000c\000h\000e\000s\000\040\000n\000u\000m\000\351\000r\000i\000q\000u\000e\000s\000\040\000p\000o\000u\000r\000\040\000d\000\351\000t\000e\000c\000t\000e\000r\000\040\000l\000a\000\040\000c\000i\000r\000c\000u\000l\000a\000t\000i\000o\000n\000\040\000d\000e\000s\000\040\000s\000a\000v\000o\000i\000r\000s}{part.1}% 15
\BOOKMARK [1][-]{section.3.1}{\376\377\000.\000.\000.}{chapter.3}% 16
\BOOKMARK [1][-]{section.3.2}{\376\377\000R\000e\000p\000\351\000r\000a\000g\000e\000\040\000d\000e\000s\000\040\000t\000e\000r\000m\000e\000s\000\040\000s\000c\000i\000e\000n\000t\000i\000f\000i\000q\000u\000e\000s\000\040\000d\000a\000n\000s\000\040\000u\000n\000\040\000c\000o\000r\000p\000u\000s\000\040\000n\000u\000m\000\351\000r\000i\000q\000u\000e}{chapter.3}% 17
\BOOKMARK [-1][-]{part.2}{\376\377\000I\000I\000\040\000P\000i\000s\000t\000e\000r\000\040\000l\000a\000\040\000c\000i\000r\000c\000u\000l\000a\000t\000i\000o\000n\000\040\000d\000u\000\040\000d\000i\000s\000c\000o\000u\000r\000s\000\040\000m\000\351\000d\000i\000c\000a\000l\000\040\000a\000u\000\040\000p\000r\000i\000s\000m\000e\000\040\000d\000u\000\040\000n\000u\000m\000\351\000r\000i\000q\000u\000e}{}% 18
\BOOKMARK [0][-]{section.3.3}{\376\377\000E\000x\000p\000l\000o\000r\000a\000t\000i\000o\000n\000\040\000d\000u\000\040\000c\000o\000r\000p\000u\000s\000\040\000C\000h\000a\000r\000c\000o\000t\000\040\000:\000\040\000O\000B\000V\000I\000E\000\040\000e\000t\000\040\000T\000e\000x\000t\000P\000a\000i\000r}{part.2}% 19
\BOOKMARK [1][-]{section.3.4}{\376\377\000E\000x\000t\000r\000a\000c\000t\000i\000o\000n\000\040\000d\000e\000\040\000l\000a\000\040\000t\000e\000r\000m\000i\000n\000o\000l\000o\000g\000i\000e\000\040\000:\000\040\000a\000p\000p\000r\000o\000c\000h\000e\000\040\000l\000i\000n\000g\000u\000i\000s\000t\000i\000q\000u\000e}{section.3.3}% 20
\BOOKMARK [1][-]{section.3.5}{\376\377\000E\000x\000t\000r\000a\000c\000t\000i\000o\000n\000\040\000d\000e\000s\000\040\000p\000h\000r\000a\000s\000e\000s\000-\000c\000l\000\351\000s\000\040\000:\000\040\000m\000\351\000t\000h\000o\000d\000e\000s\000\040\000s\000t\000a\000t\000i\000s\000t\000i\000q\000u\000e\000s}{section.3.3}% 21
\BOOKMARK [1][-]{section.3.6}{\376\377\000E\000x\000t\000r\000a\000c\000t\000i\000o\000n\000\040\000d\000e\000s\000\040\000p\000h\000r\000a\000s\000e\000s\000-\000c\000l\000\351\000s\000\040\000:\000\040\000m\000\351\000t\000h\000o\000d\000e\000\040\000\340\000\040\000b\000a\000s\000e\000\040\000d\000'\000a\000p\000p\000r\000e\000n\000t\000i\000s\000s\000a\000g\000e\000\040\000p\000r\000o\000f\000o\000n\000d}{section.3.3}% 22
\BOOKMARK [2][-]{subsection.3.6.1}{\376\377\000L\000i\000b\000r\000a\000i\000r\000i\000e\000\040\000k\000e\000y\000b\000e\000r\000t}{section.3.6}% 23
\BOOKMARK [2][-]{subsection.3.6.2}{\376\377\000A\000p\000p\000r\000o\000c\000h\000e\000\040\000P\000a\000t\000t\000e\000r\000n\000R\000a\000n\000k}{section.3.6}% 24
\BOOKMARK [0][-]{chapter.4}{\376\377\000C\000o\000n\000c\000l\000u\000s\000i\000o\000n}{part.2}% 25
\BOOKMARK [1][-]{section.4.1}{\376\377\000S\000y\000n\000t\000h\000\350\000s\000e\000\040\000e\000t\000\040\000c\000o\000n\000t\000r\000i\000b\000u\000t\000i\000o\000n\000s}{chapter.4}% 26
\BOOKMARK [1][-]{section.4.2}{\376\377\000P\000e\000r\000s\000p\000e\000c\000t\000i\000v\000e\000s}{chapter.4}% 27
\BOOKMARK [0][-]{section.4.2}{\376\377\000A\000n\000n\000e\000x\000e}{part.2}% 28
\BOOKMARK [-1][-]{part*.26}{\376\377\000A\000n\000n\000e\000x\000e}{}% 29
\BOOKMARK [0][-]{chapter.5}{\376\377\000A\000n\000n\000e\000x\000e}{part*.26}% 30
\BOOKMARK [0][-]{table.5.3}{\376\377\000B\000i\000b\000l\000i\000o\000g\000r\000a\000p\000h\000i\000e}{part*.26}% 31
