mktextfm Times
mktextfm Times
mktextfm Times
mktextfm Times/BI
mktextfm Times
mktextfm Times/B
mktextfm Times
mktextfm Times/I
mktextfm Times
mktextfm Times
mktextfm Times
mktextfm Times
mktextfm Times
mktextfm Times
mktextfm Times
mktextfm Times
mktextfm Times
mktextfm Times
mktextfm Times
mktextfm Times
mktextfm Times
mktextfm Times
mktextfm gentium
mktextfm gentium
mktextfm gentium
mktextfm gentium/BI
mktextfm gentium
mktextfm gentium/B
mktextfm gentium
mktextfm gentium/I
mktextfm gentium
mktextfm gentium
mktextfm gentium
mktextfm gentium
mktextfm gentium
mktextfm gentium
mktextfm gentium
mktextfm gentium
mktextfm gentium
mktextfm gentium
mktextfm gentium
mktextfm gentium
mktextfm gentium
mktextfm gentium
mktextfm gentium
mktextfm gentium
mktextfm gentium
